C51 COMPILER V9.00   MAIN                                                                  08/17/2019 09:56:31 PAGE 1   


C51 COMPILER V9.00, COMPILATION OF MODULE MAIN
OBJECT MODULE PLACED IN main.OBJ
COMPILER INVOKED BY: C:\APPS\Keil\C51\BIN\C51.EXE main.c BROWSE DEBUG OBJECTEXTEND

line level    source

   1          #include <reg52.h>
   2          #include <absacc.h> 
   3          
   4          void delay()            //延时100毫秒左右
   5          {
   6   1              unsigned int j,k;
   7   1              for(j=100;j>0;j--)
   8   1                      for(k=120;k>0;k--);
   9   1      }
  10          
  11          void main()
  12          {
  13   1              unsigned char i,m;
  14   1              while(1)
  15   1              {
  16   2                      m=11;
  17   2                      for (i=0;i<10;i++)      //向6264的10H单元开始写入10个数据
  18   2                      {
  19   3                              XBYTE[0x10+i]=m;
  20   3                              m++;
  21   3                              delay();
  22   3                      }
  23   2        }
  24   1      }


MODULE INFORMATION:   STATIC OVERLAYABLE
   CODE SIZE        =     52    ----
   CONSTANT SIZE    =   ----    ----
   XDATA SIZE       =   ----    ----
   PDATA SIZE       =   ----    ----
   DATA SIZE        =   ----    ----
   IDATA SIZE       =   ----    ----
   BIT SIZE         =   ----    ----
END OF MODULE INFORMATION.


C51 COMPILATION COMPLETE.  0 WARNING(S),  0 ERROR(S)
