C51 COMPILER V9.00   DS1302                                                                02/05/2021 14:34:32 PAGE 1   


C51 COMPILER V9.00, COMPILATION OF MODULE DS1302
OBJECT MODULE PLACED IN DS1302.OBJ
COMPILER INVOKED BY: C:\APPS\Keil\C51\BIN\C51.EXE DS1302.C BROWSE DEBUG OBJECTEXTEND

line level    source

   1                                  /***************   DS1302.C   ******************/
   2          #include <reg52.h>
   3          #include <intrins.h>
   4          #define uint unsigned int
   5          #define uchar unsigned char
   6          
   7          sbit IO = P1^5;  //DS1302's I/O
   8          sbit SCLK = P1^6;  //DS1302's clock
   9          sbit RST = P1^7;   //DS1302's Reset
  10          
  11          
  12          void Write_A_Byte_TO_DS1302(uchar x)
  13          {
  14   1              uchar i;
  15   1              for(i=0;i<8;i++)
  16   1              {
  17   2                      IO=x&0x01;SCLK=1;SCLK=0;x>>=1;
  18   2              }
  19   1      }
  20          
  21          uchar Get_A_Byte_FROM_DS1302()
  22          {
  23   1              uchar i,b=0x00;
  24   1              for(i=0;i<8;i++)
  25   1              {
  26   2                      b |= _crol_((uchar)IO,i);
  27   2                      SCLK=1;SCLK=0;
  28   2              }
  29   1              return b/16*10+b%16; //返回BCD码
  30   1      }
  31          
  32          uchar Read_Data(uchar addr) //从DS1302指定位置读数据
  33          {
  34   1              uchar dat;
  35   1              RST = 0;SCLK=0;RST=1;
  36   1              Write_A_Byte_TO_DS1302(addr);
  37   1              dat = Get_A_Byte_FROM_DS1302();
  38   1              SCLK=1;RST=0;
  39   1              return dat;
  40   1      }
  41          
  42          void Write_DS1302(uchar addr,uchar dat)
  43          {
  44   1              SCLK = 0; RST = 1;
  45   1              Write_A_Byte_TO_DS1302(addr);
  46   1              Write_A_Byte_TO_DS1302(dat);
  47   1              SCLK = 0; RST = 0;
  48   1      }
  49          
  50          void GetTime(uchar *DateTime )  //读取当前日期时间
  51          {
  52   1              uchar i,addr = 0x81;
  53   1              for(i=0;i<7;i++)
  54   1              {
  55   2                      DateTime[i]=Read_Data(addr);addr+=2;
C51 COMPILER V9.00   DS1302                                                                02/05/2021 14:34:32 PAGE 2   

  56   2              }
  57   1      }
  58          
  59          void SET_DS1302(uchar *DateTime)
  60          {
  61   1              uchar i;
  62   1              Write_DS1302(0x8E,0x00);//写控制位，取消保护
  63   1              for(i=1;i<7;i++)
  64   1                      Write_DS1302(0x80+2*i,(DateTime[i]/10<<4)|(DateTime[i]%10));
  65   1              Write_DS1302(0x8E,0x80); //加保护 
  66   1      }
  67          
  68          
  69          
  70          


MODULE INFORMATION:   STATIC OVERLAYABLE
   CODE SIZE        =    201    ----
   CONSTANT SIZE    =   ----    ----
   XDATA SIZE       =   ----    ----
   PDATA SIZE       =   ----    ----
   DATA SIZE        =   ----       7
   IDATA SIZE       =   ----    ----
   BIT SIZE         =   ----    ----
END OF MODULE INFORMATION.


C51 COMPILATION COMPLETE.  0 WARNING(S),  0 ERROR(S)
