C51 COMPILER V9.00   MAIN                                                                  11/29/2018 11:27:39 PAGE 1   


C51 COMPILER V9.00, COMPILATION OF MODULE MAIN
OBJECT MODULE PLACED IN main.OBJ
COMPILER INVOKED BY: C:\APPS\Keil\C51\BIN\C51.EXE main.c BROWSE DEBUG OBJECTEXTEND

line level    source

   1          /***************   writer:shopping.w   ******************/
   2          #include <reg52.h>
   3          #include <string.h>
   4          #define uchar unsigned char
   5          #define uint unsigned int
   6          void Initialize_LCD();
   7          void ShowString(uchar,uchar,uchar *);
   8          sbit K1 = P3^0;
   9          sbit K2 = P3^1;
  10          sbit K3 = P3^2;
  11          uchar code Prompt[]="PRESS K1--K3 TO START DEMO PROG"; 
  12          void main()
  13          {
  14   1              Initialize_LCD();
  15   1              ShowString(0,0,Prompt);
  16   1              ShowString(0,1,Prompt+16);
  17   1              while(1)
  18   1              {
  19   2                      if(K1 == 0)
  20   2                      {
  21   3                              Initialize_LCD();
  22   3                              ShowString(0,0,"You are pressing");
  23   3                              ShowString(6,1,"Key 1     ");
  24   3                              while(K1==0);
  25   3                              Initialize_LCD();
  26   3                              ShowString(0,0,Prompt);
  27   3                              ShowString(0,1,Prompt+16);
  28   3                              
  29   3                      }
  30   2                      if(K2 == 0)
  31   2                      {
  32   3                              Initialize_LCD();
  33   3                              ShowString(0,0,"You are pressing");
  34   3                              ShowString(6,1,"Key 2     ");
  35   3                              while(K2==0);
  36   3                              Initialize_LCD();
  37   3                              ShowString(0,0,Prompt);
  38   3                              ShowString(0,1,Prompt+16);
  39   3                      }
  40   2                      if(K3 == 0)
  41   2                      {
  42   3                              Initialize_LCD();
  43   3                              ShowString(0,0,"You are pressing");
  44   3                              ShowString(6,1,"Key 3     ");
  45   3                              while(K3==0);
  46   3                              Initialize_LCD();
  47   3                              ShowString(0,0,Prompt);
  48   3                              ShowString(0,1,Prompt+16);
  49   3                              
  50   3                      }
  51   2      
  52   2              }
  53   1      }


C51 COMPILER V9.00   MAIN                                                                  11/29/2018 11:27:39 PAGE 2   

MODULE INFORMATION:   STATIC OVERLAYABLE
   CODE SIZE        =    217    ----
   CONSTANT SIZE    =     82    ----
   XDATA SIZE       =   ----    ----
   PDATA SIZE       =   ----    ----
   DATA SIZE        =   ----    ----
   IDATA SIZE       =   ----    ----
   BIT SIZE         =   ----    ----
END OF MODULE INFORMATION.


C51 COMPILATION COMPLETE.  0 WARNING(S),  0 ERROR(S)
