A51 MACRO ASSEMBLER  IO_展                                                               11/18/2014 22:22:06 PAGE     1


MACRO ASSEMBLER A51 V8.01
OBJECT MODULE PLACED IN IO扩展.OBJ
ASSEMBLER INVOKED BY: C:\Keil\C51\BIN\A51.EXE IO扩展.A SET(SMALL) DEBUG EP

LOC  OBJ            LINE     SOURCE

0000                   1                     ORG 0000H
0000 2100              2                     AJMP MAIN
0100                   3                     ORG 0100H
0100 90FEFF            4     MAIN:   MOV DPTR,#0FEFFH
0103 E0                5     L0:             MOVX A,@DPTR
0104 F0                6                     MOVX @DPTR,A
0105 80FC              7                     SJMP L0
                       8                     END
A51 MACRO ASSEMBLER  IO_展                                                               11/18/2014 22:22:06 PAGE     2

SYMBOL TABLE LISTING
------ ----- -------


N A M E             T Y P E  V A L U E   ATTRIBUTES

L0 . . . . . . . .  C ADDR   0103H   A   
MAIN . . . . . . .  C ADDR   0100H   A   


REGISTER BANK(S) USED: 0 


ASSEMBLY COMPLETE.  0 WARNING(S), 0 ERROR(S)
