C51 COMPILER V9.60.7.0   MAIN                                                              09/13/2024 21:15:26 PAGE 1   


C51 COMPILER V9.60.7.0, COMPILATION OF MODULE MAIN
OBJECT MODULE PLACED IN .\Objects\main.obj
COMPILER INVOKED BY: D:\keil5\C51\BIN\C51.EXE CODE\main.c OPTIMIZE(8,SPEED) BROWSE DEBUG OBJECTEXTEND PRINT(.\Listings\m
                    -ain.lst) TABS(2) OBJECT(.\Objects\main.obj)

line level    source

   1          #include<reg51.h>
   2          #include<intrins.h> 
   3          #define uchar unsigned char
   4          #define uint unsigned int
   5            void DelayMS(uint x)
   6            {
   7   1            uchar i;
   8   1        while(x--)
   9   1          for(i=120;i>0;i--);
  10   1        }
  11            void main()
  12            {
  13   1          P0=0xFE;
  14   1          while(1)
  15   1          {
  16   2            P0=_crol_(P0,1);
  17   2            DelayMS(150);
  18   2          }
  19   1        }


MODULE INFORMATION:   STATIC OVERLAYABLE
   CODE SIZE        =     47    ----
   CONSTANT SIZE    =   ----    ----
   XDATA SIZE       =   ----    ----
   PDATA SIZE       =   ----    ----
   DATA SIZE        =   ----    ----
   IDATA SIZE       =   ----    ----
   BIT SIZE         =   ----    ----
END OF MODULE INFORMATION.


C51 COMPILATION COMPLETE.  0 WARNING(S),  0 ERROR(S)
