C51 COMPILER V9.00   ÒÒ»_                                                                  11/12/2014 22:12:02 PAGE 1   


C51 COMPILER V9.00, COMPILATION OF MODULE ÒÒ»_
OBJECT MODULE PLACED IN ÒÒ»ú.OBJ
COMPILER INVOKED BY: C:\Keil\C51\BIN\C51.EXE ÒÒ»ú.c BROWSE DEBUG OBJECTEXTEND

line level    source

   1          #include <reg52.h>
   2          #define uint unsigned int
   3          #define uchar unsigned char
   4          sbit LED1 = P0^0;
   5          sbit LED2 = P0^3;
   6          
   7          void Delay(uint x)
   8          {
   9   1              uchar i;
  10   1              while(x--)
  11   1              {
  12   2                      for(i=0;i<120;i++);
  13   2              }
  14   1      }
  15          
  16          void main()
  17          {
  18   1              SCON = 0x50;
  19   1              TMOD = 0x20;
  20   1              TH1 = 0xf4;
  21   1              TL1 = 0xf4;
  22   1              PCON = 0x00;
  23   1              RI = 0;
  24   1              TR1 = 1;
  25   1              LED1 = LED2 =1;
  26   1              while(1)
  27   1              {
  28   2                      if(RI)
  29   2                      {
  30   3                              RI = 0;
  31   3                              switch(SBUF)
  32   3                              {
  33   4                                      case 'A': LED1=~LED1;LED2=1;break;
  34   4                                      case 'B': LED2=~LED2;LED1=1;break;
  35   4                                      case 'C': LED1=~LED1;LED2=LED1;
  36   4                              }
  37   3                      }
  38   2                      else 
  39   2                              LED1=LED2=1;
  40   2                      Delay(100);
  41   2              }
  42   1      }


MODULE INFORMATION:   STATIC OVERLAYABLE
   CODE SIZE        =     97    ----
   CONSTANT SIZE    =   ----    ----
   XDATA SIZE       =   ----    ----
   PDATA SIZE       =   ----    ----
   DATA SIZE        =   ----    ----
   IDATA SIZE       =   ----    ----
   BIT SIZE         =   ----    ----
END OF MODULE INFORMATION.


C51 COMPILATION COMPLETE.  0 WARNING(S),  0 ERROR(S)
