C51 COMPILER V9.00   INT                                                                   10/22/2014 21:43:11 PAGE 1   


C51 COMPILER V9.00, COMPILATION OF MODULE INT
OBJECT MODULE PLACED IN int.OBJ
COMPILER INVOKED BY: C:\Keil\C51\BIN\C51.EXE int.c BROWSE DEBUG OBJECTEXTEND

line level    source

   1          #include <reg52.h>
   2          #define uchar unsigned char
   3          #define uint unsigned int
   4          sbit LED = P0^0;
   5          
   6          void main()
   7          {
   8   1              LED = 1;
   9   1              EA =1;
  10   1              EX0 = 1;
  11   1              TCON = 0x01;
  12   1              while(1);
  13   1      }
  14          
  15          void External_Interrupt_0() interrupt 0
  16          {
  17   1              LED = ~LED;
  18   1      }


MODULE INFORMATION:   STATIC OVERLAYABLE
   CODE SIZE        =     14    ----
   CONSTANT SIZE    =   ----    ----
   XDATA SIZE       =   ----    ----
   PDATA SIZE       =   ----    ----
   DATA SIZE        =   ----    ----
   IDATA SIZE       =   ----    ----
   BIT SIZE         =   ----    ----
END OF MODULE INFORMATION.


C51 COMPILATION COMPLETE.  0 WARNING(S),  0 ERROR(S)
