C51 COMPILER V9.00   MAIN                                                                  01/25/2021 10:50:16 PAGE 1   


C51 COMPILER V9.00, COMPILATION OF MODULE MAIN
OBJECT MODULE PLACED IN main.OBJ
COMPILER INVOKED BY: C:\APPS\Keil\C51\BIN\C51.EXE main.c BROWSE DEBUG OBJECTEXTEND

line level    source

   1          #include <reg51.h>
   2          sbit LED = P0^0;
   3          sbit BUTTON = P2^7;
   4          int main()
   5          {
   6   1              LED = 1;
   7   1              while(1)
   8   1              {
   9   2                      if(BUTTON==0)                   //如果按钮被按下了
  10   2                      {
  11   3                              while(BUTTON==0);       //等待用户释放按钮
  12   3                              LED = !LED;
  13   3                      }
  14   2              }
  15   1              return 0;
  16   1      }


MODULE INFORMATION:   STATIC OVERLAYABLE
   CODE SIZE        =     12    ----
   CONSTANT SIZE    =   ----    ----
   XDATA SIZE       =   ----    ----
   PDATA SIZE       =   ----    ----
   DATA SIZE        =   ----    ----
   IDATA SIZE       =   ----    ----
   BIT SIZE         =   ----    ----
END OF MODULE INFORMATION.


C51 COMPILATION COMPLETE.  0 WARNING(S),  0 ERROR(S)
