C51 COMPILER V9.60.7.0   MAIN                                                              09/26/2024 11:31:45 PAGE 1   


C51 COMPILER V9.60.7.0, COMPILATION OF MODULE MAIN
OBJECT MODULE PLACED IN .\Objects\main.obj
COMPILER INVOKED BY: D:\keil5\C51\BIN\C51.EXE CODE\main.c OPTIMIZE(8,SPEED) BROWSE DEBUG OBJECTEXTEND PRINT(.\Listings\m
                    -ain.lst) TABS(2) OBJECT(.\Objects\main.obj)

line level    source

   1          #include<reg51.h>
   2          #define uchar unsigned char
   3          
   4          uchar i;   //i为状态变化值
   5          uchar code table[]={0x01,0x03,0x07,0x0F,0x1F,0x3F,0x7F,0xFF,0xFE,0xFC,
   6          0xF8,0xF0,0xE0,0xC0,0x80,0x00,0xFF,0x00,0xFE,
   7          0xFD,0xFB,0xF7,0xEF,0xDF,0xBF,0x7F,0xBF,0xDF,
   8          0xEF,0xF7,0xFB,0xFD,0xFE,0x00,0xFF,0x00};  //共36种状态
   9          
  10          void main()
  11          {
  12   1          i=0;
  13   1        P1=table[i];
  14   1        TMOD=0X10;          //T1工作方式为方式1
  15   1        TH1=(65536-50000)/256;    //定时50ms
  16   1        TL1=(65536-50000)%256;
  17   1        EA=1;
  18   1        ET1=1;
  19   1        TR1=1;
  20   1        while(1);
  21   1      }
  22          void T1_timer() interrupt 3
  23          {
  24   1        static uchar T_Count=0;
  25   1        TH1=(65536-50000)/256;    //定时50ms
  26   1        TL1=(65536-50000)%256; 
  27   1        if(++T_Count==5)
  28   1        {
  29   2          T_Count=0;
  30   2          if(++i==36)i=0;
  31   2          P1=table[i];
  32   2        }
  33   1      }
  34          


MODULE INFORMATION:   STATIC OVERLAYABLE
   CODE SIZE        =     79    ----
   CONSTANT SIZE    =     36    ----
   XDATA SIZE       =   ----    ----
   PDATA SIZE       =   ----    ----
   DATA SIZE        =      2    ----
   IDATA SIZE       =   ----    ----
   BIT SIZE         =   ----    ----
END OF MODULE INFORMATION.


C51 COMPILATION COMPLETE.  0 WARNING(S),  0 ERROR(S)
