C51 COMPILER V9.00   ·_Ã_Æ÷                                                                12/09/2015 20:53:29 PAGE 1   


C51 COMPILER V9.00, COMPILATION OF MODULE ·_Ã_Æ÷
OBJECT MODULE PLACED IN ·äÃùÆ÷.OBJ
COMPILER INVOKED BY: C:\APPS\KEIL\C51\BIN\C51.EXE ·äÃùÆ÷.c BROWSE DEBUG OBJECTEXTEND

line level    source

   1          #include <reg51.h>
   2          sbit KEY = P1^0;
   3          sbit BEEP = P2^0;
   4          void main()
   5          {
   6   1              BEEP = 1; //·äÃùÆ÷Ä¬ÈÏ²»Ïì
   7   1              while(1)
   8   1              {
   9   2                      BEEP = KEY;
  10   2              }
  11   1      }


MODULE INFORMATION:   STATIC OVERLAYABLE
   CODE SIZE        =      8    ----
   CONSTANT SIZE    =   ----    ----
   XDATA SIZE       =   ----    ----
   PDATA SIZE       =   ----    ----
   DATA SIZE        =   ----    ----
   IDATA SIZE       =   ----    ----
   BIT SIZE         =   ----    ----
END OF MODULE INFORMATION.


C51 COMPILATION COMPLETE.  0 WARNING(S),  0 ERROR(S)
