C51 COMPILER V9.00   DS                                                                    12/10/2014 20:16:36 PAGE 1   


C51 COMPILER V9.00, COMPILATION OF MODULE DS
OBJECT MODULE PLACED IN DS.OBJ
COMPILER INVOKED BY: C:\Keil\C51\BIN\C51.EXE DS.C BROWSE DEBUG OBJECTEXTEND

line level    source

   1          /***************   writer:shopping.w   ******************/
   2          #include <reg52.h>
   3          #include <intrins.h>
   4          #define uint unsigned int
   5          #define uchar unsigned char
   6          #define delayNOP() {_nop_();_nop_();_nop_();_nop_();}
   7          
   8          sbit DQ = P3^3;
   9          uchar Temp_Value[]={0x00,0x00};
  10          bit DS18B20_IS_OK = 1;
  11          
  12          void ShowString(uchar x,uchar y,uchar *str);
  13          void Initialize_LCD();
  14          
  15          
  16          void Delay(uint x)
  17          {
  18   1              while(--x);
  19   1      }
  20          
  21          uchar Init_DS18B20()
  22          {
  23   1              uchar status;
  24   1              DQ = 1;
  25   1              Delay(8);
  26   1              DQ = 0;
  27   1              Delay(90);
  28   1              DQ = 1;
  29   1              Delay(8);
  30   1              DQ = 1;
  31   1              return status;
  32   1      }
  33          
  34          uchar ReadOneByte()
  35          {
  36   1              uchar i,dat=0;
  37   1              DQ = 1;
  38   1              _nop_();
  39   1              for(i=0;i<8;i++)
  40   1              {
  41   2                      DQ = 0;
  42   2                      dat >>= 1;
  43   2                      DQ = 1;
  44   2                      _nop_();
  45   2                      _nop_();
  46   2                      if(DQ)
  47   2                              dat |= 0X80;
  48   2                      Delay(30);
  49   2                      DQ = 1;
  50   2              }
  51   1              return dat;
  52   1      }
  53          
  54          void WriteOneByte(uchar dat)
  55          {
C51 COMPILER V9.00   DS                                                                    12/10/2014 20:16:36 PAGE 2   

  56   1              uchar i;
  57   1              for(i=0;i<8;i++)
  58   1              {
  59   2                      DQ = 0;
  60   2                      DQ = dat& 0x01;
  61   2                      Delay(5);
  62   2                      DQ = 1;
  63   2                      dat >>= 1;
  64   2              }
  65   1      }
  66          
  67          void Read_Temperature()
  68          {
  69   1              if(Init_DS18B20()==1)
  70   1                      DS18B20_IS_OK=0;
  71   1              else
  72   1              {
  73   2                      WriteOneByte(0xcc);
  74   2                      WriteOneByte(0x44);
  75   2                      Init_DS18B20();
  76   2                      WriteOneByte(0xcc);
  77   2                      WriteOneByte(0xbe);
  78   2                      Temp_Value[0] = ReadOneByte(); 
  79   2                      Temp_Value[1] = ReadOneByte();
  80   2                      DS18B20_IS_OK=1;        
  81   2              }       
  82   1      }
  83          
  84          void main()
  85          {
  86   1              Initialize_LCD();
  87   1              Read_Temperature();
  88   1              Delay(5000);            
  89   1              while(1)
  90   1              {
  91   2                      Read_Temperature();
  92   2                      if(DS18B20_IS_OK) 
  93   2                      {       
  94   3                              ShowString(0,0,Temp_Value);
  95   3                      }
  96   2                      Delay(5000);            
  97   2              }
  98   1      }


MODULE INFORMATION:   STATIC OVERLAYABLE
   CODE SIZE        =    187    ----
   CONSTANT SIZE    =   ----    ----
   XDATA SIZE       =   ----    ----
   PDATA SIZE       =   ----    ----
   DATA SIZE        =      2       1
   IDATA SIZE       =   ----    ----
   BIT SIZE         =      1    ----
END OF MODULE INFORMATION.


C51 COMPILATION COMPLETE.  0 WARNING(S),  0 ERROR(S)
