C51 COMPILER V9.00   MAIN                                                                  01/17/2019 10:01:07 PAGE 1   


C51 COMPILER V9.00, COMPILATION OF MODULE MAIN
OBJECT MODULE PLACED IN MAIN.OBJ
COMPILER INVOKED BY: C:\APPS\Keil\C51\BIN\C51.EXE MAIN.C BROWSE DEBUG OBJECTEXTEND

line level    source

   1          
   2          #include <reg52.h>
   3          #include <intrins.h>
   4          #define uint unsigned int
   5          #define uchar unsigned char
   6          
   7          void Initialize_LCD();
   8          void ShowString(uchar x,uchar y,uchar *str);
   9          void Delayms(uint);
  10          uint Get_Temperature(); 
  11          
  12          void to_str(int x,uchar *p)
  13          {
  14   1              uchar ws[4];
  15   1              uint t;
  16   1              if(x<0)
  17   1              { p[0]='-'; t=x*(-1); }
  18   1              else
  19   1              { p[0]=' '; t=x; }
  20   1              ws[3]=t/1000;
  21   1              ws[2]=t%1000/100;
  22   1              ws[1]=t%100/10;
  23   1              ws[0]=t%10;
  24   1      
  25   1              p[1]=ws[3]+'0';
  26   1              p[2]=ws[2]+'0';
  27   1              p[3]=ws[1]+'0';
  28   1              p[4]='.';
  29   1              p[5]=ws[0]+'0';
  30   1              p[6]=0xdf;
  31   1              p[7]='C';
  32   1      
  33   1              if(ws[3]==0)p[1]=' ';
  34   1              if(ws[3]==0 && ws[2]==0)p[2]=' ';
  35   1      }
  36          
  37          void main()
  38          {
  39   1              int t;
  40   1              uchar code str1[16]="  Current Temp: ";
  41   1              uchar temp[16]="                ";
  42   1              Initialize_LCD();
  43   1              ShowString(0,0,str1);
  44   1              while(1)
  45   1              {
  46   2                      t=Get_Temperature();
  47   2                      to_str(t,temp+4);
  48   2                      ShowString(0,1,temp);
  49   2                      Delayms(100);           
  50   2              }
  51   1      }
  52          
  53          
  54          
  55          
C51 COMPILER V9.00   MAIN                                                                  01/17/2019 10:01:07 PAGE 2   



MODULE INFORMATION:   STATIC OVERLAYABLE
   CODE SIZE        =    319    ----
   CONSTANT SIZE    =     32    ----
   XDATA SIZE       =   ----    ----
   PDATA SIZE       =   ----    ----
   DATA SIZE        =   ----      29
   IDATA SIZE       =   ----    ----
   BIT SIZE         =   ----    ----
END OF MODULE INFORMATION.


C51 COMPILATION COMPLETE.  0 WARNING(S),  0 ERROR(S)
