C51 COMPILER V9.00   MAIN                                                                  01/25/2021 17:00:27 PAGE 1   


C51 COMPILER V9.00, COMPILATION OF MODULE MAIN
OBJECT MODULE PLACED IN main.OBJ
COMPILER INVOKED BY: C:\APPS\Keil\C51\BIN\C51.EXE main.c BROWSE DEBUG OBJECTEXTEND

line level    source

   1          #include<reg51.h>
   2          sbit INT_1=P1^0;
   3          sbit LED1=P1^1;
   4          sbit INT_2=P1^2;
   5          sbit LED2=P1^3;
   6          sbit INT_3=P1^4;
   7          sbit LED3=P1^5;
   8          sbit INT_4=P1^6;
   9          sbit LED4=P1^7;
  10          void  main()
  11          {
  12   1              P1=0x55;                //P1.0,P1.2,P1.4,P1.6为输入，其他引脚输出
  13   1              EX0=1;                  //允许外部中断0中断
  14   1              IT0=1;                  //选择边沿触发方式
  15   1              EA=1;                   //CPU开中断
  16   1              while (1);              //等待中断
  17   1      }
  18          void int0_server( ) interrupt 0
  19          {       
  20   1              P1=0x55;
  21   1              if (INT_1) LED1=0;              //故障1为高电平，则LED1点亮
  22   1              if (INT_2) LED2=0;
  23   1              if (INT_3) LED3=0;
  24   1              if (INT_4) LED4=0;
  25   1      }


MODULE INFORMATION:   STATIC OVERLAYABLE
   CODE SIZE        =     35    ----
   CONSTANT SIZE    =   ----    ----
   XDATA SIZE       =   ----    ----
   PDATA SIZE       =   ----    ----
   DATA SIZE        =   ----    ----
   IDATA SIZE       =   ----    ----
   BIT SIZE         =   ----    ----
END OF MODULE INFORMATION.


C51 COMPILATION COMPLETE.  0 WARNING(S),  0 ERROR(S)
