C51 COMPILER V9.00   IO扩展                                                                11/18/2014 21:45:14 PAGE 1   


C51 COMPILER V9.00, COMPILATION OF MODULE IO扩展
OBJECT MODULE PLACED IN IO扩展.OBJ
COMPILER INVOKED BY: C:\Keil\C51\BIN\C51.EXE IO扩展.c BROWSE DEBUG OBJECTEXTEND

line level    source

   1          #include <reg51.h>
   2          #include <absacc.h>
   3          #define uchar unsigned char
   4          #define KEY_LED XBYTE[0xFEFF]
   5          
   6          void main()
   7          {
   8   1              uchar t;
   9   1              while(1)
  10   1              {
  11   2                      t=KEY_LED;
  12   2                      KEY_LED=t;
  13   2              }
  14   1      }
  15                  


MODULE INFORMATION:   STATIC OVERLAYABLE
   CODE SIZE        =      8    ----
   CONSTANT SIZE    =   ----    ----
   XDATA SIZE       =   ----    ----
   PDATA SIZE       =   ----    ----
   DATA SIZE        =   ----    ----
   IDATA SIZE       =   ----    ----
   BIT SIZE         =   ----    ----
END OF MODULE INFORMATION.


C51 COMPILATION COMPLETE.  0 WARNING(S),  0 ERROR(S)
