C51 COMPILER V9.00   ¼×»_                                                                  11/12/2014 22:09:34 PAGE 1   


C51 COMPILER V9.00, COMPILATION OF MODULE ¼×»_
OBJECT MODULE PLACED IN ¼×»ú.OBJ
COMPILER INVOKED BY: C:\Keil\C51\BIN\C51.EXE ¼×»ú.c BROWSE DEBUG OBJECTEXTEND

line level    source

   1          #include <reg52.h>
   2          #define uint unsigned int
   3          #define uchar unsigned char
   4          sbit LED1 = P0^0;
   5          sbit LED2 = P0^3;
   6          sbit K1 = P1^0;
   7          
   8          void Delay(uint x)
   9          {
  10   1              uchar i;
  11   1              while(x--)
  12   1              {
  13   2                      for(i=0;i<120;i++);
  14   2              }
  15   1      }
  16          
  17          void Send(uchar c)
  18          {
  19   1              SBUF = c;
  20   1              while(TI == 0);
  21   1              TI = 0;
  22   1      }
  23          
  24          void main()
  25          {
  26   1              uchar Operation_NO = 0;
  27   1              SCON = 0x40;
  28   1              TMOD = 0x20;
  29   1              PCON = 0x00;
  30   1              TH1 = 0xf4;
  31   1              TL1 = 0xf4;
  32   1              TI = 0;
  33   1              TR1 = 1;
  34   1              while(1)
  35   1              {
  36   2                      if(K1 == 0)
  37   2                      {
  38   3                              while(K1==0);
  39   3                              Operation_NO=(Operation_NO+1)%4;
  40   3                      }
  41   2                      switch(Operation_NO)
  42   2                      {
  43   3                              case 0:
  44   3                                              LED1=LED2=1; break;
  45   3                              case 1:
  46   3                                              Send('A');
  47   3                                              LED1=~LED1;LED2=1;break;
  48   3                              case 2:
  49   3                                              Send('B');
  50   3                                              LED2=~LED2;LED1=1;break;
  51   3                              case 3:
  52   3                                              Send('C');
  53   3                                              LED1=~LED1;LED2=LED1;break;
  54   3                      }
  55   2                      Delay(100);
C51 COMPILER V9.00   ¼×»_                                                                  11/12/2014 22:09:34 PAGE 2   

  56   2              }
  57   1      }


MODULE INFORMATION:   STATIC OVERLAYABLE
   CODE SIZE        =    123    ----
   CONSTANT SIZE    =   ----    ----
   XDATA SIZE       =   ----    ----
   PDATA SIZE       =   ----    ----
   DATA SIZE        =   ----    ----
   IDATA SIZE       =   ----    ----
   BIT SIZE         =   ----    ----
END OF MODULE INFORMATION.


C51 COMPILATION COMPLETE.  0 WARNING(S),  0 ERROR(S)
